(300, 10, 400, 300, 500)
action:0
(310.5, 10.5, 397, 300, 500) 0.1 False
action:0
(321.5, 11.0, 394, 300, 500) 0.1 False
action:0
(333.0, 11.5, 391, 300, 500) 0.1 False
action:0
(345.0, 12.0, 388, 300, 500) 0.1 False
action:0
(357.5, 12.5, 385, 300, 500) 0.1 False
action:0
(370.5, 13.0, 382, 300, 500) 0.1 False
action:0
(384.0, 13.5, 379, 300, 500) 0.1 False
action:0
(398.0, 14.0, 376, 300, 500) 0.1 False
action:0
(412.5, 14.5, 373, 300, 500) 0.1 False
action:0
(427.5, 15.0, 370, 300, 500) 0.1 False
action:0
(443.0, 15.5, 367, 300, 500) 0.1 False
action:0
(459.0, 16.0, 364, 300, 500) 0.1 False
action:0
(475.5, 16.5, 361, 300, 500) 0.1 False
action:0
(492.5, 17.0, 358, 300, 500) 0.1 False
action:0
(510.0, 17.5, 355, 300, 500) 0.1 False
action:1
(500.0, -10, 352, 300, 500) 0.1 False
action:1
(490.0, -10, 349, 300, 500) 0.1 False
action:1
(480.0, -10, 346, 300, 500) 0.1 False
action:0
(470.5, -9.5, 343, 300, 500) 0.1 False
action:0
(461.5, -9.0, 340, 300, 500) 0.1 False
action:0
(453.0, -8.5, 337, 300, 500) 0.1 False
action:0
(445.0, -8.0, 334, 300, 500) 0.1 False
action:0
(437.5, -7.5, 331, 300, 500) 0.1 False
action:0
(430.5, -7.0, 328, 300, 500) 0.1 False
action:0
(424.0, -6.5, 325, 300, 500) 0.1 False
action:0
(418.0, -6.0, 322, 300, 500) 0.1 False
action:0
(412.5, -5.5, 319, 300, 500) 0.1 False
action:1
(402.5, -10, 316, 300, 500) 0.1 False
action:1
(392.5, -10, 313, 300, 500) 0.1 False
action:0
(383.0, -9.5, 310, 300, 500) 0.1 False
action:0
(374.0, -9.0, 307, 300, 500) 0.1 False
action:0
(365.5, -8.5, 304, 300, 500) 0.1 False
action:0
(357.5, -8.0, 301, 300, 500) 0.1 False
action:0
(350.0, -7.5, 298, 300, 500) 0.1 False
action:0
(343.0, -7.0, 295, 300, 500) 0.1 False
action:0
(336.5, -6.5, 292, 300, 500) 0.1 False
action:1
(326.5, -10, 289, 300, 500) 0.1 False
action:1
(316.5, -10, 286, 300, 500) 0.1 False
action:1
(306.5, -10, 283, 300, 500) 0.1 False
action:1
(296.5, -10, 280, 300, 500) 0.1 False
action:1
(286.5, -10, 277, 300, 500) 0.1 False
action:0
(277.0, -9.5, 274, 300, 500) 0.1 False
action:1
(267.0, -10, 271, 300, 500) 0.1 False
action:0
(257.5, -9.5, 268, 300, 500) 0.1 False
action:1
(247.5, -10, 265, 300, 500) 0.1 False
action:0
(238.0, -9.5, 262, 300, 500) 0.1 False
action:0
(229.0, -9.0, 259, 300, 500) 0.1 False
action:0
(220.5, -8.5, 256, 300, 500) 0.1 False
action:1
(210.5, -10, 253, 300, 500) 0.1 False
action:1
(200.5, -10, 250, 300, 500) 0.1 False
action:0
(191.0, -9.5, 247, 300, 500) 0.1 False
action:0
(182.0, -9.0, 244, 300, 500) 0.1 False
action:0
(173.5, -8.5, 241, 300, 500) 0.1 False
action:0
(165.5, -8.0, 238, 300, 500) 0.1 False
action:0
(158.0, -7.5, 235, 300, 500) 0.1 False
action:0
(151.0, -7.0, 232, 300, 500) 0.1 False
action:0
(144.5, -6.5, 229, 300, 500) 0.1 False
action:0
(138.5, -6.0, 226, 300, 500) 0.1 False
action:0
(133.0, -5.5, 223, 300, 500) 0.1 False
action:0
(128.0, -5.0, 220, 300, 500) 0.1 False
action:0
(123.5, -4.5, 217, 300, 500) 0.1 False
action:0
(119.5, -4.0, 214, 300, 500) 0.1 False
action:0
(116.0, -3.5, 211, 300, 500) 0.1 False
action:0
(113.0, -3.0, 208, 300, 500) 0.1 False
action:0
(110.5, -2.5, 205, 300, 500) 0.1 False
action:0
(108.5, -2.0, 202, 300, 500) 0.1 False
action:0
(107.0, -1.5, 199, 300, 500) 0.1 False
action:0
(106.0, -1.0, 196, 300, 500) 0.1 False
action:0
(105.5, -0.5, 193, 300, 500) 0.1 False
action:0
(105.5, 0.0, 190, 300, 500) 0.1 False
action:0
(106.0, 0.5, 187, 300, 500) 0.1 False
action:0
(107.0, 1.0, 184, 300, 500) 0.1 False
action:0
(108.5, 1.5, 181, 300, 500) 0.1 False
action:0
(110.5, 2.0, 178, 300, 500) 0.1 False
action:0
(113.0, 2.5, 175, 300, 500) 0.1 False
action:0
(116.0, 3.0, 172, 300, 500) 0.1 False
action:0
(119.5, 3.5, 169, 300, 500) 0.1 False
action:0
(123.5, 4.0, 166, 300, 500) 0.1 False
action:0
(128.0, 4.5, 163, 300, 500) 0.1 False
action:0
(133.0, 5.0, 160, 300, 500) 0.1 False
action:0
(138.5, 5.5, 157, 300, 500) 0.1 False
action:0
(144.5, 6.0, 154, 300, 500) 0.1 False
action:0
(151.0, 6.5, 151, 300, 500) 0.1 False
action:0
(158.0, 7.0, 148, 300, 500) 0.1 False
action:0
(165.5, 7.5, 145, 300, 500) 0.1 False
action:0
(173.5, 8.0, 142, 300, 500) 0.1 False
action:0
(182.0, 8.5, 139, 300, 500) 0.1 False
action:0
(191.0, 9.0, 136, 300, 500) 0.1 False
action:0
(200.5, 9.5, 133, 300, 500) 0.1 False
action:0
(210.5, 10.0, 130, 300, 500) 0.1 False
action:0
(221.0, 10.5, 127, 300, 500) 0.1 False
action:0
(232.0, 11.0, 124, 300, 500) 0.1 False
action:0
(243.5, 11.5, 121, 300, 500) 0.1 False
action:0
(255.5, 12.0, 118, 300, 500) 0.1 False
action:0
(268.0, 12.5, 115, 300, 500) 0.1 False
action:0
(281.0, 13.0, 112, 300, 500) 0.1 False
action:0
(294.5, 13.5, 109, 300, 500) 0.1 False
action:0
(308.5, 14.0, 106, 300, 500) 0.1 False
action:0
(323.0, 14.5, 103, 300, 500) 0.1 False
action:0
(338.0, 15.0, 100, 300, 500) 0.1 False
action:0
(353.5, 15.5, 97, 300, 500) 0.1 False
action:0
(369.5, 16.0, 94, 300, 500) 0.1 False
action:0
(386.0, 16.5, 91, 300, 500) 0.1 False
action:0
(403.0, 17.0, 88, 300, 500) 0.1 False
action:0
(420.5, 17.5, 85, 300, 500) 0.1 False
action:0
(438.5, 18.0, 82, 300, 500) 0.1 False
action:0
(457.0, 18.5, 79, 300, 500) 0.1 False
action:0
(476.0, 19.0, 76, 300, 500) 0.1 False
action:0
(495.5, 19.5, 73, 300, 500) 0.1 False
action:0
(515.5, 20.0, 70, 300, 500) 0.1 False
action:0
(536.0, 20.5, 67, 300, 500) 0.1 False
action:1
(526.0, -10, 64, 300, 500) 0.1 False
action:0
(516.5, -9.5, 61, 300, 500) 0.1 False
action:1
(506.5, -10, 58, 300, 500) 0.1 False
action:1
(496.5, -10, 55, 300, 500) 0.1 False
action:0
(487.0, -9.5, 52, 300, 500) 0.1 False
action:1
(477.0, -10, 49, 300, 500) 0.1 False
action:1
(467.0, -10, 46, 300, 500) 0.1 False
action:1
(457.0, -10, 43, 300, 500) 0.1 False
action:1
(447.0, -10, 40, 300, 500) 0.1 False
action:1
(437.0, -10, 37, 300, 500) 0.1 False
action:0
(427.5, -9.5, 34, 300, 500) 0.1 False
action:0
(418.5, -9.0, 31, 300, 500) 0.1 False
action:1
(408.5, -10, 28, 300, 500) 0.1 False
action:1
(398.5, -10, 25, 300, 500) 0.1 False
action:0
(389.0, -9.5, 22, 300, 500) 0.1 False
action:1
(379.0, -10, 19, 300, 500) 0.1 False
action:1
(369.0, -10, 16, 300, 500) 0.1 False
action:0
(359.5, -9.5, 13, 300, 500) 0.1 False
action:1
(349.5, -10, 10, 300, 500) 0.1 False
action:1
(339.5, -10, 7, 300, 500) 0.1 False
action:1
(329.5, -10, 4, 300, 500) 0.1 False
action:1
(319.5, -10, 1, 300, 500) 0.1 False
action:0
(310.0, -9.5, 400, 300, 500) 10.1 False
action:1
(300.0, -10, 397, 300, 500) 10.1 False
action:0
(290.5, -9.5, 394, 300, 500) 10.1 False
action:1
(280.5, -10, 391, 300, 500) 10.1 False
action:0
(271.0, -9.5, 388, 300, 500) 10.1 False
action:1
(261.0, -10, 385, 300, 500) 10.1 False
action:0
(251.5, -9.5, 382, 300, 500) 10.1 False
action:1
(241.5, -10, 379, 300, 500) 10.1 False
action:0
(232.0, -9.5, 376, 300, 500) 10.1 False
action:0
(223.0, -9.0, 373, 300, 500) 10.1 False
action:1
(213.0, -10, 370, 300, 500) 10.1 False
action:1
(203.0, -10, 367, 300, 500) 10.1 False
action:1
(193.0, -10, 364, 300, 500) 10.1 False
action:1
(183.0, -10, 361, 300, 500) 10.1 False
action:0
(173.5, -9.5, 358, 300, 500) 10.1 False
action:1
(163.5, -10, 355, 300, 500) 10.1 False
action:0
(154.0, -9.5, 352, 300, 500) 10.1 False
action:0
(145.0, -9.0, 349, 300, 500) 10.1 False
action:1
(135.0, -10, 346, 300, 500) 10.1 False
action:0
(125.5, -9.5, 343, 300, 500) 10.1 False
action:0
(116.5, -9.0, 340, 300, 500) 10.1 False
action:0
(108.0, -8.5, 337, 300, 500) 10.1 False
action:0
(100.0, -8.0, 334, 300, 500) 10.1 False
action:0
(92.5, -7.5, 331, 300, 500) 10.1 False
action:0
(85.5, -7.0, 328, 300, 500) 10.1 False
action:0
(79.0, -6.5, 325, 300, 500) 10.1 False
action:0
(73.0, -6.0, 322, 300, 500) 10.1 False
action:0
(67.5, -5.5, 319, 300, 500) 10.1 False
action:0
(62.5, -5.0, 316, 300, 500) 10.1 False
action:0
(58.0, -4.5, 313, 300, 500) 10.1 False
action:0
(54.0, -4.0, 310, 300, 500) 10.1 False
action:0
(50.5, -3.5, 307, 300, 500) 10.1 False
action:0
(47.5, -3.0, 304, 300, 500) 10.1 False
action:0
(45.0, -2.5, 301, 300, 500) 10.1 False
action:0
(43.0, -2.0, 298, 300, 500) 10.1 False
action:0
(41.5, -1.5, 295, 300, 500) 10.1 False
action:0
(40.5, -1.0, 292, 300, 500) 10.1 False
action:0
(40.0, -0.5, 289, 300, 500) 10.1 False
action:0
(40.0, 0.0, 286, 300, 500) 10.1 False
action:0
(40.5, 0.5, 283, 300, 500) 10.1 False
action:0
(41.5, 1.0, 280, 300, 500) 10.1 False
action:0
(43.0, 1.5, 277, 300, 500) 10.1 False
action:0
(45.0, 2.0, 274, 300, 500) 10.1 False
action:0
(47.5, 2.5, 271, 300, 500) 10.1 False
action:0
(50.5, 3.0, 268, 300, 500) 10.1 False
action:0
(54.0, 3.5, 265, 300, 500) 10.1 False
action:0
(58.0, 4.0, 262, 300, 500) 10.1 False
action:0
(62.5, 4.5, 259, 300, 500) 10.1 False
action:0
(67.5, 5.0, 256, 300, 500) 10.1 False
action:0
(73.0, 5.5, 253, 300, 500) 10.1 False
action:0
(79.0, 6.0, 250, 300, 500) 10.1 False
action:0
(85.5, 6.5, 247, 300, 500) 10.1 False
action:0
(92.5, 7.0, 244, 300, 500) 10.1 False
action:0
(100.0, 7.5, 241, 300, 500) 10.1 False
action:0
(108.0, 8.0, 238, 300, 500) 10.1 False
action:0
(116.5, 8.5, 235, 300, 500) 10.1 False
action:0
(125.5, 9.0, 232, 300, 500) 10.1 False
action:0
(135.0, 9.5, 229, 300, 500) 10.1 False
action:1
(125.0, -10, 226, 300, 500) 10.1 False
action:0
(115.5, -9.5, 223, 300, 500) 10.1 False
action:0
(106.5, -9.0, 220, 300, 500) 10.1 False
action:0
(98.0, -8.5, 217, 300, 500) 10.1 False
action:0
(90.0, -8.0, 214, 300, 500) 10.1 False
action:0
(82.5, -7.5, 211, 300, 500) 10.1 False
action:0
(75.5, -7.0, 208, 300, 500) 10.1 False
action:0
(69.0, -6.5, 205, 300, 500) 10.1 False
action:0
(63.0, -6.0, 202, 300, 500) 10.1 False
action:0
(57.5, -5.5, 199, 300, 500) 10.1 False
action:0
(52.5, -5.0, 196, 300, 500) 10.1 False
action:0
(48.0, -4.5, 193, 300, 500) 10.1 False
action:0
(44.0, -4.0, 190, 300, 500) 10.1 False
action:0
(40.5, -3.5, 187, 300, 500) 10.1 False
action:0
(37.5, -3.0, 184, 300, 500) 10.1 False
action:0
(35.0, -2.5, 181, 300, 500) 10.1 False
action:0
(33.0, -2.0, 178, 300, 500) 10.1 False
action:0
(31.5, -1.5, 175, 300, 500) 10.1 False
action:0
(30.5, -1.0, 172, 300, 500) 10.1 False
action:0
(30.0, -0.5, 169, 300, 500) 10.1 False
action:0
(30.0, 0.0, 166, 300, 500) 10.1 False
action:0
(30.5, 0.5, 163, 300, 500) 10.1 False
action:0
(31.5, 1.0, 160, 300, 500) 10.1 False
action:0
(33.0, 1.5, 157, 300, 500) 10.1 False
action:0
(35.0, 2.0, 154, 300, 500) 10.1 False
action:0
(37.5, 2.5, 151, 300, 500) 10.1 False
action:0
(40.5, 3.0, 148, 300, 500) 10.1 False
action:0
(44.0, 3.5, 145, 300, 500) 10.1 False
action:0
(48.0, 4.0, 142, 300, 500) 10.1 False
action:0
(52.5, 4.5, 139, 300, 500) 10.1 False
action:0
(57.5, 5.0, 136, 300, 500) 10.1 False
action:0
(63.0, 5.5, 133, 300, 500) 10.1 False
action:0
(69.0, 6.0, 130, 300, 500) 10.1 False
action:0
(75.5, 6.5, 127, 300, 500) 10.1 False
action:0
(82.5, 7.0, 124, 300, 500) 10.1 False
action:0
(90.0, 7.5, 121, 300, 500) 10.1 False
action:0
(98.0, 8.0, 118, 300, 500) 10.1 False
action:0
(106.5, 8.5, 115, 300, 500) 10.1 False
action:0
(115.5, 9.0, 112, 300, 500) 10.1 False
action:0
(125.0, 9.5, 109, 300, 500) 10.1 False
action:0
(135.0, 10.0, 106, 300, 500) 10.1 False
action:0
(145.5, 10.5, 103, 300, 500) 10.1 False
action:0
(156.5, 11.0, 100, 300, 500) 10.1 False
action:0
(168.0, 11.5, 97, 300, 500) 10.1 False
action:0
(180.0, 12.0, 94, 300, 500) 10.1 False
action:0
(192.5, 12.5, 91, 300, 500) 10.1 False
action:0
(205.5, 13.0, 88, 300, 500) 10.1 False
action:0
(219.0, 13.5, 85, 300, 500) 10.1 False
action:0
(233.0, 14.0, 82, 300, 500) 10.1 False
action:0
(247.5, 14.5, 79, 300, 500) 10.1 False
action:0
(262.5, 15.0, 76, 300, 500) 10.1 False
action:0
(278.0, 15.5, 73, 300, 500) 10.1 False
action:0
(294.0, 16.0, 70, 300, 500) 10.1 False
action:0
(310.5, 16.5, 67, 300, 500) 10.1 False
action:0
(327.5, 17.0, 64, 300, 500) 10.1 False
action:0
(345.0, 17.5, 61, 300, 500) 10.1 False
action:0
(363.0, 18.0, 58, 300, 500) 10.1 False
action:0
(381.5, 18.5, 55, 300, 500) 10.1 False
action:0
(400.5, 19.0, 52, 300, 500) 10.1 False
action:0
(420.0, 19.5, 49, 300, 500) 10.1 False
action:1
(410.0, -10, 46, 300, 500) 10.1 False
action:0
(400.5, -9.5, 43, 300, 500) 10.1 False
action:1
(390.5, -10, 40, 300, 500) 10.1 False
action:0
(381.0, -9.5, 37, 300, 500) 10.1 False
action:0
(372.0, -9.0, 34, 300, 500) 10.1 False
action:0
(363.5, -8.5, 31, 300, 500) 10.1 False
action:0
(355.5, -8.0, 28, 300, 500) 10.1 False
action:0
(348.0, -7.5, 25, 300, 500) 10.1 False
action:0
(341.0, -7.0, 22, 300, 500) 10.1 False
action:0
(334.5, -6.5, 19, 300, 500) 10.1 False
action:0
(328.5, -6.0, 16, 300, 500) 10.1 False
action:0
(323.0, -5.5, 13, 300, 500) 10.1 False
action:0
(318.0, -5.0, 10, 300, 500) 10.1 False
action:0
(313.5, -4.5, 7, 300, 500) 10.1 False
action:0
(309.5, -4.0, 4, 300, 500) 10.1 False
action:0
(306.0, -3.5, 1, 300, 500) 10.1 False
action:0
(303.0, -3.0, 400, 300, 500) 20.1 False
action:1
(293.0, -10, 397, 300, 500) 20.1 False
action:0
(283.5, -9.5, 394, 300, 500) 20.1 False
action:1
(273.5, -10, 391, 300, 500) 20.1 False
action:1
(263.5, -10, 388, 300, 500) 20.1 False
action:0
(254.0, -9.5, 385, 300, 500) 20.1 False
action:1
(244.0, -10, 382, 300, 500) 20.1 False
action:1
(234.0, -10, 379, 300, 500) 20.1 False
action:1
(224.0, -10, 376, 300, 500) 20.1 False
action:0
(214.5, -9.5, 373, 300, 500) 20.1 False
action:0
(205.5, -9.0, 370, 300, 500) 20.1 False
action:0
(197.0, -8.5, 367, 300, 500) 20.1 False
action:0
(189.0, -8.0, 364, 300, 500) 20.1 False
action:0
(181.5, -7.5, 361, 300, 500) 20.1 False
action:1
(171.5, -10, 358, 300, 500) 20.1 False
action:0
(162.0, -9.5, 355, 300, 500) 20.1 False
action:1
(152.0, -10, 352, 300, 500) 20.1 False
action:0
(142.5, -9.5, 349, 300, 500) 20.1 False
action:0
(133.5, -9.0, 346, 300, 500) 20.1 False
action:0
(125.0, -8.5, 343, 300, 500) 20.1 False
action:0
(117.0, -8.0, 340, 300, 500) 20.1 False
action:0
(109.5, -7.5, 337, 300, 500) 20.1 False
action:0
(102.5, -7.0, 334, 300, 500) 20.1 False
action:0
(96.0, -6.5, 331, 300, 500) 20.1 False
action:0
(90.0, -6.0, 328, 300, 500) 20.1 False
action:0
(84.5, -5.5, 325, 300, 500) 20.1 False
action:0
(79.5, -5.0, 322, 300, 500) 20.1 False
action:0
(75.0, -4.5, 319, 300, 500) 20.1 False
action:0
(71.0, -4.0, 316, 300, 500) 20.1 False
action:0
(67.5, -3.5, 313, 300, 500) 20.1 False
action:0
(64.5, -3.0, 310, 300, 500) 20.1 False
action:0
(62.0, -2.5, 307, 300, 500) 20.1 False
action:0
(60.0, -2.0, 304, 300, 500) 20.1 False
action:0
(58.5, -1.5, 301, 300, 500) 20.1 False
action:0
(57.5, -1.0, 298, 300, 500) 20.1 False
action:0
(57.0, -0.5, 295, 300, 500) 20.1 False
action:0
(57.0, 0.0, 292, 300, 500) 20.1 False
action:0
(57.5, 0.5, 289, 300, 500) 20.1 False
action:0
(58.5, 1.0, 286, 300, 500) 20.1 False
action:0
(60.0, 1.5, 283, 300, 500) 20.1 False
action:0
(62.0, 2.0, 280, 300, 500) 20.1 False
action:0
(64.5, 2.5, 277, 300, 500) 20.1 False
action:0
(67.5, 3.0, 274, 300, 500) 20.1 False
action:0
(71.0, 3.5, 271, 300, 500) 20.1 False
action:0
(75.0, 4.0, 268, 300, 500) 20.1 False
action:0
(79.5, 4.5, 265, 300, 500) 20.1 False
action:0
(84.5, 5.0, 262, 300, 500) 20.1 False
action:0
(90.0, 5.5, 259, 300, 500) 20.1 False
action:0
(96.0, 6.0, 256, 300, 500) 20.1 False
action:0
(102.5, 6.5, 253, 300, 500) 20.1 False
action:0
(109.5, 7.0, 250, 300, 500) 20.1 False
action:0
(117.0, 7.5, 247, 300, 500) 20.1 False
action:0
(125.0, 8.0, 244, 300, 500) 20.1 False
action:0
(133.5, 8.5, 241, 300, 500) 20.1 False
action:0
(142.5, 9.0, 238, 300, 500) 20.1 False
action:0
(152.0, 9.5, 235, 300, 500) 20.1 False
action:0
(162.0, 10.0, 232, 300, 500) 20.1 False
action:0
(172.5, 10.5, 229, 300, 500) 20.1 False
action:0
(183.5, 11.0, 226, 300, 500) 20.1 False
action:0
(195.0, 11.5, 223, 300, 500) 20.1 False
action:0
(207.0, 12.0, 220, 300, 500) 20.1 False
action:0
(219.5, 12.5, 217, 300, 500) 20.1 False
action:0
(232.5, 13.0, 214, 300, 500) 20.1 False
action:0
(246.0, 13.5, 211, 300, 500) 20.1 False
action:0
(260.0, 14.0, 208, 300, 500) 20.1 False
action:0
(274.5, 14.5, 205, 300, 500) 20.1 False
action:0
(289.5, 15.0, 202, 300, 500) 20.1 False
action:0
(305.0, 15.5, 199, 300, 500) 20.1 False
action:0
(321.0, 16.0, 196, 300, 500) 20.1 False
action:0
(337.5, 16.5, 193, 300, 500) 20.1 False
action:0
(354.5, 17.0, 190, 300, 500) 20.1 False
action:1
(344.5, -10, 187, 300, 500) 20.1 False
action:0
(335.0, -9.5, 184, 300, 500) 20.1 False
action:0
(326.0, -9.0, 181, 300, 500) 20.1 False
action:0
(317.5, -8.5, 178, 300, 500) 20.1 False
action:0
(309.5, -8.0, 175, 300, 500) 20.1 False
action:1
(299.5, -10, 172, 300, 500) 20.1 False
action:0
(290.0, -9.5, 169, 300, 500) 20.1 False
action:0
(281.0, -9.0, 166, 300, 500) 20.1 False
action:1
(271.0, -10, 163, 300, 500) 20.1 False
action:1
(261.0, -10, 160, 300, 500) 20.1 False
action:0
(251.5, -9.5, 157, 300, 500) 20.1 False
action:1
(241.5, -10, 154, 300, 500) 20.1 False
action:0
(232.0, -9.5, 151, 300, 500) 20.1 False
action:1
(222.0, -10, 148, 300, 500) 20.1 False
action:1
(212.0, -10, 145, 300, 500) 20.1 False
action:1
(202.0, -10, 142, 300, 500) 20.1 False
action:1
(192.0, -10, 139, 300, 500) 20.1 False
action:1
(182.0, -10, 136, 300, 500) 20.1 False
action:0
(172.5, -9.5, 133, 300, 500) 20.1 False
action:1
(162.5, -10, 130, 300, 500) 20.1 False
action:1
(152.5, -10, 127, 300, 500) 20.1 False
action:0
(143.0, -9.5, 124, 300, 500) 20.1 False
action:0
(134.0, -9.0, 121, 300, 500) 20.1 False
action:0
(125.5, -8.5, 118, 300, 500) 20.1 False
action:0
(117.5, -8.0, 115, 300, 500) 20.1 False
action:0
(110.0, -7.5, 112, 300, 500) 20.1 False
action:0
(103.0, -7.0, 109, 300, 500) 20.1 False
action:0
(96.5, -6.5, 106, 300, 500) 20.1 False
action:0
(90.5, -6.0, 103, 300, 500) 20.1 False
action:0
(85.0, -5.5, 100, 300, 500) 20.1 False
action:0
(80.0, -5.0, 97, 300, 500) 20.1 False
action:0
(75.5, -4.5, 94, 300, 500) 20.1 False
action:0
(71.5, -4.0, 91, 300, 500) 20.1 False
action:0
(68.0, -3.5, 88, 300, 500) 20.1 False
action:0
(65.0, -3.0, 85, 300, 500) 20.1 False
action:0
(62.5, -2.5, 82, 300, 500) 20.1 False
action:0
(60.5, -2.0, 79, 300, 500) 20.1 False
action:0
(59.0, -1.5, 76, 300, 500) 20.1 False
action:0
(58.0, -1.0, 73, 300, 500) 20.1 False
action:0
(57.5, -0.5, 70, 300, 500) 20.1 False
action:0
(57.5, 0.0, 67, 300, 500) 20.1 False
action:0
(58.0, 0.5, 64, 300, 500) 20.1 False
action:0
(59.0, 1.0, 61, 300, 500) 20.1 False
action:0
(60.5, 1.5, 58, 300, 500) 20.1 False
action:1
(50.5, -10, 55, 300, 500) 20.1 False
action:0
(41.0, -9.5, 52, 300, 500) 20.1 False
action:0
(32.0, -9.0, 49, 300, 500) 20.1 False
action:1
(22.0, -10, 46, 300, 500) 20.1 False
action:1
(12.0, -10, 43, 300, 500) -979.9 True
finish